app/build/intermediates/manifest_merge_blame_file/debug/manifest-merger-blame-debug-report.txt
1<?xml version="1.0" encoding="utf-8"?>
2<manifest xmlns:android="http://schemas.android.com/apk/res/android"
3    package="com.example.login"
4    android:versionCode="1"
5    android:versionName="1.0" >
6
7    <uses-sdk
8        android:minSdkVersion="15"
8-->src\main\AndroidManifest.xml
9        android:targetSdkVersion="28" />
9-->src\main\AndroidManifest.xml
10
11    <uses-permission android:name="android.permission.INTERNET" />
11-->src\main\AndroidManifest.xml:5:5-67
11-->src\main\AndroidManifest.xml:5:22-64
12
13    <application
13-->src\main\AndroidManifest.xml:7:5-47:19
14        android:allowBackup="true"
14-->src\main\AndroidManifest.xml:8:9-35
15        android:appComponentFactory="androidx.core.app.CoreComponentFactory"
15-->[androidx.core:core:1.0.1] AndroidManifest.xml:22:18-86
16        android:debuggable="true"
17        android:icon="@mipmap/ic_launcher"
17-->src\main\AndroidManifest.xml:9:9-43
18        android:label="@string/app_name"
18-->src\main\AndroidManifest.xml:10:9-41
19        android:roundIcon="@mipmap/ic_launcher_round"
19-->src\main\AndroidManifest.xml:11:9-54
20        android:supportsRtl="true"
20-->src\main\AndroidManifest.xml:12:9-35
21        android:testOnly="true"
22        android:theme="@style/AppTheme" >
22-->src\main\AndroidManifest.xml:13:9-40
23        <activity android:name="com.example.login.Detalle" />
23-->src\main\AndroidManifest.xml:14:9-54
23-->src\main\AndroidManifest.xml:14:19-42
24        <activity android:name="com.example.login.TerapiaVisual" />
24-->src\main\AndroidManifest.xml:15:9-51
24-->src\main\AndroidManifest.xml:15:19-48
25        <activity
25-->src\main\AndroidManifest.xml:16:9-18:54
26            android:name="com.example.login.egiratoria"
26-->src\main\AndroidManifest.xml:17:13-39
27            android:label="@string/testEgiratoria" />
27-->src\main\AndroidManifest.xml:18:13-51
28        <activity
28-->src\main\AndroidManifest.xml:19:9-21:47
29            android:name="com.example.login.Lea"
29-->src\main\AndroidManifest.xml:20:13-32
30            android:label="@string/testLea" />
30-->src\main\AndroidManifest.xml:21:13-44
31        <activity
31-->src\main\AndroidManifest.xml:22:9-24:53
32            android:name="com.example.login.menuoptotipos"
32-->src\main\AndroidManifest.xml:23:13-42
33            android:label="@string/MenuOptotipos" />
33-->src\main\AndroidManifest.xml:24:13-50
34        <activity
34-->src\main\AndroidManifest.xml:25:9-27:51
35            android:name="com.example.login.snellen"
35-->src\main\AndroidManifest.xml:26:13-36
36            android:label="@string/testsnellen" />
36-->src\main\AndroidManifest.xml:27:13-48
37        <activity
37-->src\main\AndroidManifest.xml:28:9-30:52
38            android:name="com.example.login.TestIshihara"
38-->src\main\AndroidManifest.xml:29:13-41
39            android:label="@string/testIshihara" />
39-->src\main\AndroidManifest.xml:30:13-49
40        <activity
40-->src\main\AndroidManifest.xml:31:9-33:53
41            android:name="com.example.login.Main2Activity"
41-->src\main\AndroidManifest.xml:32:13-42
42            android:label="@string/Menuprincipal" />
42-->src\main\AndroidManifest.xml:33:13-50
43        <activity
43-->src\main\AndroidManifest.xml:34:9-42:20
44            android:name="com.example.login.MainActivity"
44-->src\main\AndroidManifest.xml:35:13-41
45            android:label="@string/app_name" >
45-->src\main\AndroidManifest.xml:36:13-45
46            <intent-filter>
46-->src\main\AndroidManifest.xml:37:13-41:29
47                <action android:name="android.intent.action.MAIN" />
47-->src\main\AndroidManifest.xml:38:17-69
47-->src\main\AndroidManifest.xml:38:25-66
48
49                <category android:name="android.intent.category.LAUNCHER" />
49-->src\main\AndroidManifest.xml:40:17-77
49-->src\main\AndroidManifest.xml:40:27-74
50            </intent-filter>
51        </activity>
52
53        <meta-data
53-->src\main\AndroidManifest.xml:44:9-46:59
54            android:name="com.google.android.gms.cast.framework.OPTIONS_PROVIDER_CLASS_NAME"
54-->src\main\AndroidManifest.xml:44:20-114
55            android:value="com.foo.CastOptionsProvider" />
55-->src\main\AndroidManifest.xml:46:13-56
56
57        <receiver android:name="com.google.android.gms.cast.framework.media.MediaIntentReceiver" />
57-->[com.google.android.gms:play-services-cast-framework:10.0.1] AndroidManifest.xml:5:9-99
57-->[com.google.android.gms:play-services-cast-framework:10.0.1] AndroidManifest.xml:5:19-97
58
59        <service android:name="com.google.android.gms.cast.framework.media.MediaNotificationService" />
59-->[com.google.android.gms:play-services-cast-framework:10.0.1] AndroidManifest.xml:6:9-103
59-->[com.google.android.gms:play-services-cast-framework:10.0.1] AndroidManifest.xml:6:18-101
60        <service android:name="com.google.android.gms.cast.framework.ReconnectionService" />
60-->[com.google.android.gms:play-services-cast-framework:10.0.1] AndroidManifest.xml:7:9-92
60-->[com.google.android.gms:play-services-cast-framework:10.0.1] AndroidManifest.xml:7:18-90
61
62        <activity
62-->[com.google.android.gms:play-services-base:17.1.0] AndroidManifest.xml:23:9-26:75
63            android:name="com.google.android.gms.common.api.GoogleApiActivity"
63-->[com.google.android.gms:play-services-base:17.1.0] AndroidManifest.xml:24:13-79
64            android:exported="false"
64-->[com.google.android.gms:play-services-base:17.1.0] AndroidManifest.xml:25:13-37
65            android:theme="@android:style/Theme.Translucent.NoTitleBar" />
65-->[com.google.android.gms:play-services-base:17.1.0] AndroidManifest.xml:26:13-72
66
67        <meta-data
67-->[com.google.android.gms:play-services-basement:17.1.0] AndroidManifest.xml:23:9-25:69
68            android:name="com.google.android.gms.version"
68-->[com.google.android.gms:play-services-basement:17.1.0] AndroidManifest.xml:24:13-58
69            android:value="@integer/google_play_services_version" />
69-->[com.google.android.gms:play-services-basement:17.1.0] AndroidManifest.xml:25:13-66
70    </application>
71
72</manifest>